<?xml version="1.0" encoding="UTF-8"?>
<testsuite name="TreeTest" tests="2" skipped="0" failures="0" errors="0" timestamp="2025-05-14T12:38:20" hostname="MacBook-Pro-Andrej-2.local" time="0.037">
  <properties/>
  <testcase name="containstest()" classname="TreeTest" time="0.033"/>
  <testcase name="containstest2()" classname="TreeTest" time="0.002"/>
  <system-out><![CDATA[]]></system-out>
  <system-err><![CDATA[]]></system-err>
</testsuite>
